<?xml version="1.0" encoding="UTF-8"?>
<robot generator="Robot 7.0.1 (Python 3.12.4 on win32)" generated="2024-07-29T15:13:55.133216" rpa="false" schemaversion="5">
<suite id="s1" name="Criartoken" source="C:\Users\drt59725\Documents\robot-api\criartoken.robot">
<test id="s1-t1" name="Gerar um token" line="9">
<kw name="Create Dictionary" owner="BuiltIn">
<msg time="2024-07-29T15:13:55.554311" level="INFO">${data} = {'username': 'admin', 'password': 'password123'}</msg>
<var>${data}</var>
<arg>username=admin</arg>
<arg>password=password123</arg>
<doc>Creates and returns a dictionary based on the given ``items``.</doc>
<status status="PASS" start="2024-07-29T15:13:55.554311" elapsed="0.000000"/>
</kw>
<kw name="POST" owner="RequestsLibrary">
<msg time="2024-07-29T15:13:56.165064" level="INFO">POST Request : url=https://restful-booker.herokuapp.com/auth 
 path_url=/auth 
 headers={'User-Agent': 'python-requests/2.32.3', 'Accept-Encoding': 'gzip, deflate', 'Accept': '*/*', 'Connection': 'keep-alive', 'Content-Length': '48', 'Content-Type': 'application/json'} 
 body=b'{"username": "admin", "password": "password123"}' 
 </msg>
<msg time="2024-07-29T15:13:56.165064" level="INFO">POST Response : url=https://restful-booker.herokuapp.com/auth 
 status=200, reason=OK 
 headers={'Server': 'Cowboy', 'Report-To': '{"group":"heroku-nel","max_age":3600,"endpoints":[{"url":"https://nel.heroku.com/reports?ts=1722276836&amp;sid=c46efe9b-d3d2-4a0c-8c76-bfafa16c5add&amp;s=ISLNsSgBWDEeh9AeUXKfMr6ZEGVZfZcrHs6eqlFQQns%3D"}]}', 'Reporting-Endpoints': 'heroku-nel=https://nel.heroku.com/reports?ts=1722276836&amp;sid=c46efe9b-d3d2-4a0c-8c76-bfafa16c5add&amp;s=ISLNsSgBWDEeh9AeUXKfMr6ZEGVZfZcrHs6eqlFQQns%3D', 'Nel': '{"report_to":"heroku-nel","max_age":3600,"success_fraction":0.005,"failure_fraction":0.05,"response_headers":["Via"]}', 'Connection': 'keep-alive', 'X-Powered-By': 'Express', 'Content-Type': 'application/json; charset=utf-8', 'Content-Length': '27', 'Etag': 'W/"1b-4VDRHFZl45DMbgq8+bKo4SiqJQ4"', 'Date': 'Mon, 29 Jul 2024 18:13:56 GMT', 'Via': '1.1 vegur'} 
 body={"token":"02f4869c6f29571"} 
 </msg>
<msg time="2024-07-29T15:13:56.166097" level="INFO">${response} = &lt;Response [200]&gt;</msg>
<var>${response}</var>
<arg>${BASEURL}/auth</arg>
<arg>json=${data}</arg>
<doc>Sends a POST request.</doc>
<status status="PASS" start="2024-07-29T15:13:55.554311" elapsed="0.611786"/>
</kw>
<kw name="Should Be True" owner="BuiltIn">
<arg>${response.ok}</arg>
<doc>Fails if the given condition is not true.</doc>
<status status="PASS" start="2024-07-29T15:13:56.166576" elapsed="0.000000"/>
</kw>
<kw name="Should Be Equal As Numbers" owner="BuiltIn">
<msg time="2024-07-29T15:13:56.167624" level="INFO">Argument types are:
&lt;class 'int'&gt;
&lt;class 'str'&gt;</msg>
<arg>${response.status_code}</arg>
<arg>200</arg>
<doc>Fails if objects are unequal after converting them to real numbers.</doc>
<status status="PASS" start="2024-07-29T15:13:56.167624" elapsed="0.000000"/>
</kw>
<kw name="Set Variable" owner="BuiltIn">
<msg time="2024-07-29T15:13:56.168618" level="INFO">${data_response} = {'token': '02f4869c6f29571'}</msg>
<var>${data_response}</var>
<arg>${response.json()}</arg>
<doc>Returns the given values which can then be assigned to a variables.</doc>
<status status="PASS" start="2024-07-29T15:13:56.168618" elapsed="0.000000"/>
</kw>
<kw name="Get From Dictionary" owner="Collections">
<msg time="2024-07-29T15:13:56.169589" level="INFO">${token} = 02f4869c6f29571</msg>
<var>${token}</var>
<arg>${data_response}</arg>
<arg>token</arg>
<doc>Returns a value from the given ``dictionary`` based on the given ``key``.</doc>
<status status="PASS" start="2024-07-29T15:13:56.169589" elapsed="0.000000"/>
</kw>
<kw name="Log" owner="BuiltIn">
<msg time="2024-07-29T15:13:56.169589" level="INFO">Seu token é:02f4869c6f29571</msg>
<arg>Seu token é:${token}</arg>
<doc>Logs the given message with the given level.</doc>
<status status="PASS" start="2024-07-29T15:13:56.169589" elapsed="0.000000"/>
</kw>
<status status="PASS" start="2024-07-29T15:13:55.553263" elapsed="0.617319"/>
</test>
<status status="PASS" start="2024-07-29T15:13:55.138153" elapsed="1.033433"/>
</suite>
<statistics>
<total>
<stat pass="1" fail="0" skip="0">All Tests</stat>
</total>
<tag>
</tag>
<suite>
<stat pass="1" fail="0" skip="0" id="s1" name="Criartoken">Criartoken</stat>
</suite>
</statistics>
<errors>
</errors>
</robot>
